[2025-05-02, 05:20:31] ldapsearch -xWD 'uid=wolverine,ou=XMen,ou=Equipos,dc=marvel,dc=com'
Enter LDAP Password: 
# extended LDIF
#
# LDAPv3
# base <dc=marvel,dc=com> (default) with scope subtree
# filter: (objectclass=*)
# requesting: ALL
#

# profesorx, Mentores, marvel.com
dn: uid=profesorx,ou=Mentores,dc=marvel,dc=com
mail: profesorx@mentores.marvel.com
cn: Charles Xavier

# nickfury, Mentores, marvel.com
dn: uid=nickfury,ou=Mentores,dc=marvel,dc=com
mail: nickfury@mentores.marvel.com

# starlord, Mentores, marvel.com
dn: uid=starlord,ou=Mentores,dc=marvel,dc=com
mail: starlord@mentores.marvel.com

# wolverine, XMen, Equipos, marvel.com
dn: uid=wolverine,ou=XMen,ou=Equipos,dc=marvel,dc=com
objectClass: inetOrgPerson
objectClass: marvelHero
uid: wolverine
cn: James "Logan" Howlett
sn: Howlett
mail: wolverine@xmen.marvel.com
telephoneNumber: +1-555-1001
manager: uid=profesorx,ou=Mentores,dc=marvel,dc=com
roomNumber: 101
title: Arma X
userPassword:: e1NTSEF9UWhrbXVvOUVsczNYcFBZT0pmQVhSQXRueHRIK1p3SU0=

# ciclope, XMen, Equipos, marvel.com
dn: uid=ciclope,ou=XMen,ou=Equipos,dc=marvel,dc=com
mail: ciclope@xmen.marvel.com
telephoneNumber: +1-555-1002
cn: Scott Summers

# tormenta, XMen, Equipos, marvel.com
dn: uid=tormenta,ou=XMen,ou=Equipos,dc=marvel,dc=com
cn: Ororo Munroe
mail: tormenta@xmen.marvel.com
telephoneNumber: +1-555-1003

# jeangrey, XMen, Equipos, marvel.com
dn: uid=jeangrey,ou=XMen,ou=Equipos,dc=marvel,dc=com
cn: Jean Elaine Grey-Summers
mail: jeangrey@xmen.marvel.com
telephoneNumber: +1-555-1004

# ironman, Vengadores, Equipos, marvel.com
dn: uid=ironman,ou=Vengadores,ou=Equipos,dc=marvel,dc=com
mail: ironman@vengadores.marvel.com
telephoneNumber: +1-555-3000

# capitanamerica, Vengadores, Equipos, marvel.com
dn: uid=capitanamerica,ou=Vengadores,ou=Equipos,dc=marvel,dc=com
mail: capitanamerica@vengadores.marvel.com
telephoneNumber: +1-555-2002

# thor, Vengadores, Equipos, marvel.com
dn: uid=thor,ou=Vengadores,ou=Equipos,dc=marvel,dc=com
mail: thor@vengadores.marvel.com
telephoneNumber: +1-555-2003

# hulk, Vengadores, Equipos, marvel.com
dn: uid=hulk,ou=Vengadores,ou=Equipos,dc=marvel,dc=com
mail: hulk@vengadores.marvel.com
telephoneNumber: +1-555-2004

# blackwidow, Vengadores, Equipos, marvel.com
dn: uid=blackwidow,ou=Vengadores,ou=Equipos,dc=marvel,dc=com
mail: blackwidow@vengadores.marvel.com
telephoneNumber: +1-555-2005

# hawkeye, Vengadores, Equipos, marvel.com
dn: uid=hawkeye,ou=Vengadores,ou=Equipos,dc=marvel,dc=com
mail: hawkeye@vengadores.marvel.com
telephoneNumber: +1-555-2006

# gamora, GuardianesDeLaGalaxia, Equipos, marvel.com
dn: uid=gamora,ou=GuardianesDeLaGalaxia,ou=Equipos,dc=marvel,dc=com
mail: gamora@guardianes.marvel.com
telephoneNumber: +1-555-3001

# rocket, GuardianesDeLaGalaxia, Equipos, marvel.com
dn: uid=rocket,ou=GuardianesDeLaGalaxia,ou=Equipos,dc=marvel,dc=com
mail: rocket@guardianes.marvel.com
telephoneNumber: +1-555-89P13

# groot, GuardianesDeLaGalaxia, Equipos, marvel.com
dn: uid=groot,ou=GuardianesDeLaGalaxia,ou=Equipos,dc=marvel,dc=com
mail: groot@guardianes.marvel.com
telephoneNumber: +1-555-3003

# drax, GuardianesDeLaGalaxia, Equipos, marvel.com
dn: uid=drax,ou=GuardianesDeLaGalaxia,ou=Equipos,dc=marvel,dc=com
mail: drax@guardianes.marvel.com
telephoneNumber: +1-555-3004

# search result
search: 2
result: 0 Success

# numResponses: 18
# numEntries: 17
